<?xml version="1.0" encoding="UTF-8"?>
<testsuite name="BowlingScorerTest" tests="12" skipped="0" failures="0" errors="0" timestamp="2021-10-14T17:13:40" hostname="DESKTOP-4HFR3CK" time="0.076">
  <properties/>
  <testcase name="[1] 9/|--|--|--|--|--|--|--|--|--||, 10" classname="BowlingScorerTest" time="0.058"/>
  <testcase name="[2] 7/|--|--|--|4/|--|--|--|--|--||, 20" classname="BowlingScorerTest" time="0.001"/>
  <testcase name="[3] 7/|1-|--|--|4/|--|--|--|--|--||, 22" classname="BowlingScorerTest" time="0.001"/>
  <testcase name="[1] 11|11|11|11|11|11|11|11|11|11||, 20" classname="BowlingScorerTest" time="0.001"/>
  <testcase name="[2] 21|31|11|11|12|11|11|11|11|41||, 27" classname="BowlingScorerTest" time="0.0"/>
  <testcase name="line with all misses scores 0()" classname="BowlingScorerTest" time="0.001"/>
  <testcase name="[1] X|--|--|--|--|--|--|--|--|--||, 10" classname="BowlingScorerTest" time="0.0"/>
  <testcase name="[2] X|1-|--|--|--|--|--|--|--|--||, 12" classname="BowlingScorerTest" time="0.0"/>
  <testcase name="[3] X|41|--|--|--|--|--|--|--|--||, 20" classname="BowlingScorerTest" time="0.0"/>
  <testcase name="[4] X|X|--|--|--|--|--|--|--|--||, 30" classname="BowlingScorerTest" time="0.0"/>
  <testcase name="[5] X|X|1-|--|--|--|--|--|--|--||, 33" classname="BowlingScorerTest" time="0.0"/>
  <testcase name="[6] X|X|X|--|--|--|--|--|--|--||, 60" classname="BowlingScorerTest" time="0.001"/>
  <system-out><![CDATA[]]></system-out>
  <system-err><![CDATA[]]></system-err>
</testsuite>
